Using pre-set license
Built from '2020.3/staging' branch; Version is '2020.3.19f1 (68f137dc9bbe) revision 6877495'; Using compiler version '192528614'; Build Type 'Release'
OS: 'Windows 10 Pro; OS build 19041.1237; Version 2004; 64bit' Language: 'ja' Physical Memory: 12218 MB
BatchMode: 1, IsHumanControllingUs: 0, StartBugReporterOnCrash: 0, Is64bit: 1, IsPro: 0

COMMAND LINE ARGUMENTS:
C:\Program Files\Unity\Hub\Editor\2020.3.19f1\Editor\Unity.exe
-adb2
-batchMode
-noUpm
-name
AssetImportWorker0
-projectPath
C:/Users/totsu/OneDrive/Desktop/misoten2021/futurecreate
-logFile
Logs/AssetImportWorker0.log
-srvPort
56860
Successfully changed project path to: C:/Users/totsu/OneDrive/Desktop/misoten2021/futurecreate
C:/Users/totsu/OneDrive/Desktop/misoten2021/futurecreate
Using Asset Import Pipeline V2.
Refreshing native plugins compatible for Editor in 148.28 ms, found 2 plugins.
Preloading 0 native plugins for Editor in 0.00 ms.
Initialize engine version: 2020.3.19f1 (68f137dc9bbe)
[Subsystems] Discovering subsystems at path C:/Program Files/Unity/Hub/Editor/2020.3.19f1/Editor/Data/Resources/UnitySubsystems
[Subsystems] Discovering subsystems at path C:/Users/totsu/OneDrive/Desktop/misoten2021/futurecreate/Assets
GfxDevice: creating device client; threaded=0
Direct3D:
    Version:  Direct3D 11.0 [level 11.1]
    Renderer: Intel(R) HD Graphics 620 (ID=0x5916)
    Vendor:   
    VRAM:     6109 MB
    Driver:   27.20.100.9416
Initialize mono
Mono path[0] = 'C:/Program Files/Unity/Hub/Editor/2020.3.19f1/Editor/Data/Managed'
Mono path[1] = 'C:/Program Files/Unity/Hub/Editor/2020.3.19f1/Editor/Data/MonoBleedingEdge/lib/mono/unityjit'
Mono config path = 'C:/Program Files/Unity/Hub/Editor/2020.3.19f1/Editor/Data/MonoBleedingEdge/etc'
Using monoOptions --debugger-agent=transport=dt_socket,embedding=1,server=y,suspend=n,address=127.0.0.1:56772
Begin MonoManager ReloadAssembly
Registering precompiled unity dll's ...
Register platform support module: C:/Program Files/Unity/Hub/Editor/2020.3.19f1/Editor/Data/PlaybackEngines/WindowsStandaloneSupport/UnityEditor.WindowsStandalone.Extensions.dll
Registered in 0.012480 seconds.
Native extension for WindowsStandalone target not found
Refreshing native plugins compatible for Editor in 45.27 ms, found 2 plugins.
Preloading 0 native plugins for Editor in 0.00 ms.
Unable to find bridge dll in registry for Microsoft Visual Studio Tools for Unity for C:\Program Files (x86)\Microsoft Visual Studio\2017\Professional\Common7\IDE\devenv.exe
Mono: successfully reloaded assembly
- Completed reload, in  4.831 seconds
Domain Reload Profiling:
	ReloadAssembly (4831ms)
		BeginReloadAssembly (296ms)
			ExecutionOrderSort (0ms)
			DisableScriptedObjects (0ms)
			BackupInstance (0ms)
			ReleaseScriptingObjects (1ms)
			CreateAndSetChildDomain (5ms)
		EndReloadAssembly (1170ms)
			LoadAssemblies (288ms)
			RebuildTransferFunctionScriptingTraits (0ms)
			SetupTypeCache (632ms)
			ReleaseScriptCaches (0ms)
			RebuildScriptCaches (62ms)
			SetupLoadedEditorAssemblies (269ms)
				LogAssemblyErrors (0ms)
				InitializePlatformSupportModulesInManaged (6ms)
				SetLoadedEditorAssemblies (0ms)
				RefreshPlugins (45ms)
				BeforeProcessingInitializeOnLoad (23ms)
				ProcessInitializeOnLoadAttributes (125ms)
				ProcessInitializeOnLoadMethodAttributes (68ms)
				AfterProcessingInitializeOnLoad (0ms)
				EditorAssembliesLoaded (0ms)
			ExecutionOrderSort2 (0ms)
			AwakeInstancesAfterBackupRestoration (0ms)
Platform modules already initialized, skipping
Registering precompiled user dll's ...
Registered in 0.005057 seconds.
Begin MonoManager ReloadAssembly
Native extension for WindowsStandalone target not found
Refreshing native plugins compatible for Editor in 0.33 ms, found 2 plugins.
Preloading 0 native plugins for Editor in 0.00 ms.
Mono: successfully reloaded assembly
- Completed reload, in  1.634 seconds
Domain Reload Profiling:
	ReloadAssembly (1635ms)
		BeginReloadAssembly (227ms)
			ExecutionOrderSort (0ms)
			DisableScriptedObjects (5ms)
			BackupInstance (0ms)
			ReleaseScriptingObjects (0ms)
			CreateAndSetChildDomain (34ms)
		EndReloadAssembly (1293ms)
			LoadAssemblies (124ms)
			RebuildTransferFunctionScriptingTraits (0ms)
			SetupTypeCache (447ms)
			ReleaseScriptCaches (1ms)
			RebuildScriptCaches (62ms)
			SetupLoadedEditorAssemblies (488ms)
				LogAssemblyErrors (0ms)
				InitializePlatformSupportModulesInManaged (10ms)
				SetLoadedEditorAssemblies (1ms)
				RefreshPlugins (0ms)
				BeforeProcessingInitializeOnLoad (124ms)
				ProcessInitializeOnLoadAttributes (333ms)
				ProcessInitializeOnLoadMethodAttributes (10ms)
				AfterProcessingInitializeOnLoad (10ms)
				EditorAssembliesLoaded (1ms)
			ExecutionOrderSort2 (0ms)
			AwakeInstancesAfterBackupRestoration (13ms)
Platform modules already initialized, skipping
========================================================================
Worker process is ready to serve import requests
Launched and connected shader compiler UnityShaderCompiler.exe after 0.11 seconds
Refreshing native plugins compatible for Editor in 0.32 ms, found 2 plugins.
Preloading 0 native plugins for Editor in 0.00 ms.
Unloading 1400 Unused Serialized files (Serialized files now loaded: 0)
System memory in use before: 67.6 MB.
System memory in use after: 67.7 MB.

Unloading 16 unused Assets to reduce memory usage. Loaded Objects now: 1835.
Total: 3.895300 ms (FindLiveObjects: 0.154200 ms CreateObjectMapping: 0.053100 ms MarkObjects: 3.575900 ms  DeleteObjects: 0.110300 ms)

AssetImportParameters requested are different than current active one (requested -> active):
  custom:framework-win-MediaFoundation: 216162199b28c13a410421893ffa2e32 -> 
  custom:video-decoder-ogg-theora: a1e56fd34408186e4bbccfd4996cb3dc -> 
  custom:container-muxer-webm: aa71ff27fc2769a1b78a27578f13a17b -> 
  custom:container-demuxer-webm: 4f35f7cbe854078d1ac9338744f61a02 -> 
  custom:container-demuxer-ogg: 62fdf1f143b41e24485cea50d1cbac27 -> 
  custom:video-encoder-webm-vp8: eb34c28f22e8b96e1ab97ce403110664 -> 
  custom:video-codec-MediaFoundation-h265: 746d11721c4dcdbdad8f713fa42b33f4 -> 
  custom:video-decoder-webm-vp8: 9c59270c3fd7afecdb556c50c9e8de78 -> 
  custom:audio-decoder-ogg-vorbis: bf7c407c2cedff20999df2af8eb42d56 -> 
  custom:audio-encoder-webm-vorbis: bf7c407c2cedff20999df2af8eb42d56 -> 
========================================================================
Received Import Request.
  path: Assets/totsu
  artifactKey: Guid(8d233932b89bfcc46a87d1e50a79a6a4) Importer(815301076,1909f56bfc062723c751e8b465ee728b)
Start importing Assets/totsu using Guid(8d233932b89bfcc46a87d1e50a79a6a4) Importer(815301076,1909f56bfc062723c751e8b465ee728b)  -> (artifact id: '4cd9d989cd475f990eb2feb79098749e') in 0.023972 seconds 
  Import took 0.028238 seconds .

========================================================================
Received Import Request.
  Time since last request: 12448.598317 seconds.
  path: Assets/totsu/ring.cs
  artifactKey: Guid(f17b6c2c3e4147f45b244ace229752b7) Importer(815301076,1909f56bfc062723c751e8b465ee728b)
Start importing Assets/totsu/ring.cs using Guid(f17b6c2c3e4147f45b244ace229752b7) Importer(815301076,1909f56bfc062723c751e8b465ee728b)  -> (artifact id: 'cf3325e38aa3fa9df279f4a23d42e815') in 0.371630 seconds 
  Import took 0.398914 seconds .

========================================================================
Received Prepare
Registering precompiled user dll's ...
Registered in 0.004868 seconds.
Begin MonoManager ReloadAssembly
Native extension for WindowsStandalone target not found
Refreshing native plugins compatible for Editor in 0.33 ms, found 2 plugins.
Preloading 0 native plugins for Editor in 0.00 ms.
Mono: successfully reloaded assembly
- Completed reload, in  2.239 seconds
Domain Reload Profiling:
	ReloadAssembly (2240ms)
		BeginReloadAssembly (307ms)
			ExecutionOrderSort (0ms)
			DisableScriptedObjects (11ms)
			BackupInstance (0ms)
			ReleaseScriptingObjects (0ms)
			CreateAndSetChildDomain (131ms)
		EndReloadAssembly (1827ms)
			LoadAssemblies (187ms)
			RebuildTransferFunctionScriptingTraits (0ms)
			SetupTypeCache (528ms)
			ReleaseScriptCaches (1ms)
			RebuildScriptCaches (93ms)
			SetupLoadedEditorAssemblies (887ms)
				LogAssemblyErrors (0ms)
				InitializePlatformSupportModulesInManaged (6ms)
				SetLoadedEditorAssemblies (1ms)
				RefreshPlugins (0ms)
				BeforeProcessingInitializeOnLoad (106ms)
				ProcessInitializeOnLoadAttributes (754ms)
				ProcessInitializeOnLoadMethodAttributes (6ms)
				AfterProcessingInitializeOnLoad (13ms)
				EditorAssembliesLoaded (1ms)
			ExecutionOrderSort2 (0ms)
			AwakeInstancesAfterBackupRestoration (12ms)
Platform modules already initialized, skipping
Refreshing native plugins compatible for Editor in 0.33 ms, found 2 plugins.
Preloading 0 native plugins for Editor in 0.00 ms.
Unloading 1395 Unused Serialized files (Serialized files now loaded: 0)
System memory in use before: 67.5 MB.
System memory in use after: 67.6 MB.

Unloading 11 unused Assets to reduce memory usage. Loaded Objects now: 1838.
Total: 4.308800 ms (FindLiveObjects: 0.292300 ms CreateObjectMapping: 0.101500 ms MarkObjects: 3.887000 ms  DeleteObjects: 0.025700 ms)

AssetImportParameters requested are different than current active one (requested -> active):
  custom:framework-win-MediaFoundation: 216162199b28c13a410421893ffa2e32 -> 
  custom:video-decoder-ogg-theora: a1e56fd34408186e4bbccfd4996cb3dc -> 
  custom:container-muxer-webm: aa71ff27fc2769a1b78a27578f13a17b -> 
  custom:container-demuxer-webm: 4f35f7cbe854078d1ac9338744f61a02 -> 
  custom:container-demuxer-ogg: 62fdf1f143b41e24485cea50d1cbac27 -> 
  custom:video-encoder-webm-vp8: eb34c28f22e8b96e1ab97ce403110664 -> 
  custom:video-codec-MediaFoundation-h265: 746d11721c4dcdbdad8f713fa42b33f4 -> 
  custom:video-decoder-webm-vp8: 9c59270c3fd7afecdb556c50c9e8de78 -> 
  custom:audio-decoder-ogg-vorbis: bf7c407c2cedff20999df2af8eb42d56 -> 
  custom:audio-encoder-webm-vorbis: bf7c407c2cedff20999df2af8eb42d56 -> 
========================================================================
Received Import Request.
  Time since last request: 1938.359410 seconds.
  path: Assets/totsu/script
  artifactKey: Guid(ef15a5ff08450a04ea7e8718a230c478) Importer(815301076,1909f56bfc062723c751e8b465ee728b)
Start importing Assets/totsu/script using Guid(ef15a5ff08450a04ea7e8718a230c478) Importer(815301076,1909f56bfc062723c751e8b465ee728b)  -> (artifact id: '554c8a6f8b09fb47097d31bef4d8a593') in 0.033144 seconds 
  Import took 0.041718 seconds .

========================================================================
Received Prepare
Registering precompiled user dll's ...
Registered in 0.006507 seconds.
Begin MonoManager ReloadAssembly
Native extension for WindowsStandalone target not found
Refreshing native plugins compatible for Editor in 0.33 ms, found 2 plugins.
Preloading 0 native plugins for Editor in 0.00 ms.
Mono: successfully reloaded assembly
- Completed reload, in  1.735 seconds
Domain Reload Profiling:
	ReloadAssembly (1735ms)
		BeginReloadAssembly (307ms)
			ExecutionOrderSort (0ms)
			DisableScriptedObjects (8ms)
			BackupInstance (0ms)
			ReleaseScriptingObjects (0ms)
			CreateAndSetChildDomain (67ms)
		EndReloadAssembly (1277ms)
			LoadAssemblies (256ms)
			RebuildTransferFunctionScriptingTraits (0ms)
			SetupTypeCache (452ms)
			ReleaseScriptCaches (9ms)
			RebuildScriptCaches (73ms)
			SetupLoadedEditorAssemblies (435ms)
				LogAssemblyErrors (0ms)
				InitializePlatformSupportModulesInManaged (6ms)
				SetLoadedEditorAssemblies (1ms)
				RefreshPlugins (0ms)
				BeforeProcessingInitializeOnLoad (107ms)
				ProcessInitializeOnLoadAttributes (302ms)
				ProcessInitializeOnLoadMethodAttributes (8ms)
				AfterProcessingInitializeOnLoad (11ms)
				EditorAssembliesLoaded (0ms)
			ExecutionOrderSort2 (0ms)
			AwakeInstancesAfterBackupRestoration (9ms)
Platform modules already initialized, skipping
Refreshing native plugins compatible for Editor in 0.36 ms, found 2 plugins.
Preloading 0 native plugins for Editor in 0.00 ms.
Unloading 1395 Unused Serialized files (Serialized files now loaded: 0)
System memory in use before: 67.5 MB.
System memory in use after: 67.6 MB.

Unloading 11 unused Assets to reduce memory usage. Loaded Objects now: 1840.
Total: 5.669900 ms (FindLiveObjects: 0.224900 ms CreateObjectMapping: 0.118100 ms MarkObjects: 5.299200 ms  DeleteObjects: 0.025600 ms)

AssetImportParameters requested are different than current active one (requested -> active):
  custom:framework-win-MediaFoundation: 216162199b28c13a410421893ffa2e32 -> 
  custom:video-decoder-ogg-theora: a1e56fd34408186e4bbccfd4996cb3dc -> 
  custom:container-muxer-webm: aa71ff27fc2769a1b78a27578f13a17b -> 
  custom:container-demuxer-webm: 4f35f7cbe854078d1ac9338744f61a02 -> 
  custom:container-demuxer-ogg: 62fdf1f143b41e24485cea50d1cbac27 -> 
  custom:video-encoder-webm-vp8: eb34c28f22e8b96e1ab97ce403110664 -> 
  custom:video-codec-MediaFoundation-h265: 746d11721c4dcdbdad8f713fa42b33f4 -> 
  custom:video-decoder-webm-vp8: 9c59270c3fd7afecdb556c50c9e8de78 -> 
  custom:audio-decoder-ogg-vorbis: bf7c407c2cedff20999df2af8eb42d56 -> 
  custom:audio-encoder-webm-vorbis: bf7c407c2cedff20999df2af8eb42d56 -> 
========================================================================
Received Import Request.
  Time since last request: 36.966714 seconds.
  path: Assets/totsu/Object
  artifactKey: Guid(23f85d7336d9a694f95a4b643d6044cf) Importer(815301076,1909f56bfc062723c751e8b465ee728b)
Start importing Assets/totsu/Object using Guid(23f85d7336d9a694f95a4b643d6044cf) Importer(815301076,1909f56bfc062723c751e8b465ee728b)  -> (artifact id: '09d0247c8325e48fa3b0898ee0c60407') in 0.030485 seconds 
  Import took 0.038375 seconds .

========================================================================
Received Import Request.
  Time since last request: 1445.935681 seconds.
  path: Assets/totsu/Object/bell.prefab
  artifactKey: Guid(bd97f986c140657428c28d781e8fb78d) Importer(815301076,1909f56bfc062723c751e8b465ee728b)
Start importing Assets/totsu/Object/bell.prefab using Guid(bd97f986c140657428c28d781e8fb78d) Importer(815301076,1909f56bfc062723c751e8b465ee728b)  -> (artifact id: 'fe744a77da4527c9adf2b274ded69fbc') in 0.118239 seconds 
  Import took 0.124420 seconds .

========================================================================
Received Import Request.
  Time since last request: 10.770945 seconds.
  path: Assets/totsu/Object/bell.prefab
  artifactKey: Guid(bd97f986c140657428c28d781e8fb78d) Importer(815301076,1909f56bfc062723c751e8b465ee728b)
Start importing Assets/totsu/Object/bell.prefab using Guid(bd97f986c140657428c28d781e8fb78d) Importer(815301076,1909f56bfc062723c751e8b465ee728b)  -> (artifact id: '841810f105e32822d56330bdb262cc93') in 0.014021 seconds 
  Import took 0.019667 seconds .

========================================================================
Received Import Request.
  Time since last request: 443.377193 seconds.
  path: Assets/totsu/script/ring.cs
  artifactKey: Guid(f17b6c2c3e4147f45b244ace229752b7) Importer(815301076,1909f56bfc062723c751e8b465ee728b)
Start importing Assets/totsu/script/ring.cs using Guid(f17b6c2c3e4147f45b244ace229752b7) Importer(815301076,1909f56bfc062723c751e8b465ee728b)  -> (artifact id: 'ab01c2b442b5ff96d1aac5ce53a39411') in 0.039494 seconds 
  Import took 0.047049 seconds .

========================================================================
Received Import Request.
  Time since last request: 153.641737 seconds.
  path: Assets/totsu/script/ring.cs
  artifactKey: Guid(f17b6c2c3e4147f45b244ace229752b7) Importer(815301076,1909f56bfc062723c751e8b465ee728b)
Start importing Assets/totsu/script/ring.cs using Guid(f17b6c2c3e4147f45b244ace229752b7) Importer(815301076,1909f56bfc062723c751e8b465ee728b)  -> (artifact id: '7fea67a1f869a4f4e979bee32ca44c6d') in 0.017941 seconds 
  Import took 0.082055 seconds .

========================================================================
Received Prepare
Registering precompiled user dll's ...
Registered in 0.006107 seconds.
Begin MonoManager ReloadAssembly
Native extension for WindowsStandalone target not found
Refreshing native plugins compatible for Editor in 0.83 ms, found 2 plugins.
Preloading 0 native plugins for Editor in 0.00 ms.
Mono: successfully reloaded assembly
- Completed reload, in  1.833 seconds
Domain Reload Profiling:
	ReloadAssembly (1834ms)
		BeginReloadAssembly (378ms)
			ExecutionOrderSort (0ms)
			DisableScriptedObjects (48ms)
			BackupInstance (0ms)
			ReleaseScriptingObjects (0ms)
			CreateAndSetChildDomain (127ms)
		EndReloadAssembly (1283ms)
			LoadAssemblies (218ms)
			RebuildTransferFunctionScriptingTraits (0ms)
			SetupTypeCache (435ms)
			ReleaseScriptCaches (1ms)
			RebuildScriptCaches (68ms)
			SetupLoadedEditorAssemblies (452ms)
				LogAssemblyErrors (0ms)
				InitializePlatformSupportModulesInManaged (7ms)
				SetLoadedEditorAssemblies (1ms)
				RefreshPlugins (1ms)
				BeforeProcessingInitializeOnLoad (125ms)
				ProcessInitializeOnLoadAttributes (301ms)
				ProcessInitializeOnLoadMethodAttributes (6ms)
				AfterProcessingInitializeOnLoad (10ms)
				EditorAssembliesLoaded (0ms)
			ExecutionOrderSort2 (0ms)
			AwakeInstancesAfterBackupRestoration (11ms)
Platform modules already initialized, skipping
Refreshing native plugins compatible for Editor in 0.33 ms, found 2 plugins.
Preloading 0 native plugins for Editor in 0.00 ms.
Unloading 1395 Unused Serialized files (Serialized files now loaded: 0)
System memory in use before: 67.5 MB.
System memory in use after: 67.6 MB.

Unloading 11 unused Assets to reduce memory usage. Loaded Objects now: 1842.
Total: 5.561900 ms (FindLiveObjects: 0.299300 ms CreateObjectMapping: 0.101900 ms MarkObjects: 5.117200 ms  DeleteObjects: 0.041300 ms)

AssetImportParameters requested are different than current active one (requested -> active):
  custom:framework-win-MediaFoundation: 216162199b28c13a410421893ffa2e32 -> 
  custom:video-decoder-ogg-theora: a1e56fd34408186e4bbccfd4996cb3dc -> 
  custom:container-muxer-webm: aa71ff27fc2769a1b78a27578f13a17b -> 
  custom:container-demuxer-webm: 4f35f7cbe854078d1ac9338744f61a02 -> 
  custom:container-demuxer-ogg: 62fdf1f143b41e24485cea50d1cbac27 -> 
  custom:video-encoder-webm-vp8: eb34c28f22e8b96e1ab97ce403110664 -> 
  custom:video-codec-MediaFoundation-h265: 746d11721c4dcdbdad8f713fa42b33f4 -> 
  custom:video-decoder-webm-vp8: 9c59270c3fd7afecdb556c50c9e8de78 -> 
  custom:audio-decoder-ogg-vorbis: bf7c407c2cedff20999df2af8eb42d56 -> 
  custom:audio-encoder-webm-vorbis: bf7c407c2cedff20999df2af8eb42d56 -> 
========================================================================
Received Import Request.
  Time since last request: 22.005418 seconds.
  path: Assets/totsu/script/ring.cs
  artifactKey: Guid(f17b6c2c3e4147f45b244ace229752b7) Importer(815301076,1909f56bfc062723c751e8b465ee728b)
Start importing Assets/totsu/script/ring.cs using Guid(f17b6c2c3e4147f45b244ace229752b7) Importer(815301076,1909f56bfc062723c751e8b465ee728b)  -> (artifact id: 'a6d7f6decc70a0455d19c91b8f828802') in 0.017883 seconds 
  Import took 0.022614 seconds .

========================================================================
Received Import Request.
  Time since last request: 67375.057037 seconds.
  path: Assets/Isobe/Scene
  artifactKey: Guid(e658dc92a5b88be4cb9812077084cfa6) Importer(815301076,1909f56bfc062723c751e8b465ee728b)
Start importing Assets/Isobe/Scene using Guid(e658dc92a5b88be4cb9812077084cfa6) Importer(815301076,1909f56bfc062723c751e8b465ee728b)  -> (artifact id: '604e79e7395719925e45a1fcb014f02e') in 0.050856 seconds 
  Import took 0.056237 seconds .

========================================================================
Received Import Request.
  Time since last request: 51.951000 seconds.
  path: Assets/totsu/Object/bell.prefab
  artifactKey: Guid(bd97f986c140657428c28d781e8fb78d) Importer(815301076,1909f56bfc062723c751e8b465ee728b)
Start importing Assets/totsu/Object/bell.prefab using Guid(bd97f986c140657428c28d781e8fb78d) Importer(815301076,1909f56bfc062723c751e8b465ee728b)  -> (artifact id: '32efadb8fe0815ba1c1accb28a0f6804') in 0.515888 seconds 
  Import took 0.519706 seconds .

========================================================================
Received Import Request.
  Time since last request: 29.676544 seconds.
  path: Assets/totsu/EnemyLabo.unity
  artifactKey: Guid(9a39210865d38c348b6cef9786d11955) Importer(815301076,1909f56bfc062723c751e8b465ee728b)
Start importing Assets/totsu/EnemyLabo.unity using Guid(9a39210865d38c348b6cef9786d11955) Importer(815301076,1909f56bfc062723c751e8b465ee728b)  -> (artifact id: 'c457918c5ce442dfab6360584ccc8ff5') in 0.040983 seconds 
  Import took 0.072022 seconds .

AssetImportWorkerClient::OnTransportError - code=2 error=End of file
